ababa
abaca
abcba
acaba
acaca
acbaa
acbca

abccc

acipaoidjfdjidksajsdfasfai
acipaoidjfdjidksajsfaksfai
acipaoidjfdjisjfaskjfasfai
acipaoidjfdjisjlaskjfasfai
acipaoidjfdjisjlsjadfasfai
acipaoidjfdjisjlsjajfasfai
acipaoidjfdjisjlsjasfasfai
acipaoidjfdjisjlsjsjfasfai
acipaoidjodjidksajsdfasfai
acipaoidjodjidksajsfaksfai
acipaoidjodjisjfaskjfasfai
acipaoidjodjisjlaskjfasfai
acipaoidjodjisjlsjadfasfai
acipaoidjodjisjlsjajfasfai
acipaoidjodjisjlsjasfasfai
acipaoidjodjisjlsjsjfasfai
acipaoidofdjidksajsdfasfai
acipaoidofdjidksajsfaksfai
acipaoidofdjisjfaskjfasfai
acipaoidofdjisjlaskjfasfai
acipaoidofdjisjlsjadfasfai
acipaoidofdjisjlsjajfasfai
acipaoidofdjisjlsjasfasfai
acipaoidofdjisjlsjsjfasfai
acipaoijfdjdajfadskjfasfai
acipaoijfdjdajfasjfasjoijf
acipaoijfdjdajfasjflsjoijf
acipaoijfdjdajfjaskjfasfai
acipaoijfdjdajfjdskjfasfai
acipaoijfdjdajsfaskjfasfai
acipaoijfdjdajsjaskjfasfai
acipaoijfdjdajsjdskjfasfai
acipaoijfdjdajslaskjfasfai
acipaoijfdjdajslsjadfasfai
acipaoijfdjdajslsjajfasfai
acipaoijfdjdajslsjasfasfai
acipaoijfdjdajslsjsjfasfai
acipaoijfdjdasfadskjfasfai
acipaoijfdjdasfasjfasjoijf
acipaoijfdjdasfasjflsjoijf
acipaoijfdjdasfjaskjfasfai
acipaoijfdjdasfjdskjfasfai
acipaoijfdjdasjadskjfasfai
acipaoijfdjdasjasjfasjoijf
acipaoijfdjdasjasjflsjoijf
acipaoijfdjdassfaskjfasfai
acipaoijfdjdassjaskjfasfai
acipaoijfdjdassjdskjfasfai
acipaoijfdjddajfaskjfasfai
acipaoijfdjddajlaskjfasfai
acipaoijfdjddajlsjadfasfai
acipaoijfdjddajlsjajfasfai
acipaoijfdjddajlsjasfasfai
acipaoijfdjddajlsjsjfasfai
acipaoijfdjddasfaskjfasfai
acipaoijfdjddasjaskjfasfai
acipaoijfdjddasjdskjfasfai
acipaoijfdjddaslaskjfasfai
acipaoijfdjddaslsjadfasfai
acipaoijfdjddaslsjajfasfai
acipaoijfdjddaslsjasfasfai
acipaoijfdjddaslsjsjfasfai
acipaoijfdjddjfadskjfasfai
acipaoijfdjddjfasjfasjoijf
acipaoijfdjddjfasjflsjoijf
acipaoijfdjddjfjaskjfasfai
acipaoijfdjddjfjdskjfasfai
acipaoijfdjddjsfaskjfasfai
acipaoijfdjddjsjaskjfasfai
acipaoijfdjddjsjdskjfasfai
acipaoijfdjddjslaskjfasfai
acipaoijfdjddjslsjadfasfai
acipaoijfdjddjslsjajfasfai
acipaoijfdjddjslsjasfasfai
acipaoijfdjddjslsjsjfasfai
acipaoijfdjddsjfaskjfasfai
acipaoijfdjddsjlaskjfasfai
acipaoijfdjddsjlsjadfasfai
acipaoijfdjddsjlsjajfasfai
acipaoijfdjddsjlsjasfasfai
acipaoijfdjddsjlsjsjfasfai
acipaoijfdjdidksajsdfasfai
acipaoijfdjdidksajsfaksfai
acipaoijfdjdisjfaskjfasfai
acipaoijfdjdisjlaskjfasfai
acipaoijfdjdisjlsjadfasfai
acipaoijfdjdisjlsjajfasfai
acipaoijfdjdisjlsjasfasfai
acipaoijfdjdisjlsjsjfasfai
acipaoijfdjdsajfaskjfasfai
acipaoijfdjdsajlaskjfasfai
acipaoijfdjdsajlsjadfasfai
acipaoijfdjdsajlsjajfasfai
acipaoijfdjdsajlsjasfasfai
acipaoijfdjdsajlsjsjfasfai
acipaoijfdjdsasfaskjfasfai
acipaoijfdjdsasjaskjfasfai
acipaoijfdjdsasjdskjfasfai
acipaoijfdjdsaslaskjfasfai
acipaoijfdjdsaslsjadfasfai
acipaoijfdjdsaslsjajfasfai
acipaoijfdjdsaslsjasfasfai
acipaoijfdjdsaslsjsjfasfai
acipaoijfdjdsjfadskjfasfai
acipaoijfdjdsjfasjfasjoijf
acipaoijfdjdsjfasjflsjoijf
acipaoijfdjdsjfjaskjfasfai
acipaoijfdjdsjfjdskjfasfai
acipaoijfdjdsjsfaskjfasfai
acipaoijfdjdsjsjaskjfasfai
acipaoijfdjdsjsjdskjfasfai
acipaoijfdjdsjslaskjfasfai
acipaoijfdjdsjslsjadfasfai
acipaoijfdjdsjslsjajfasfai
acipaoijfdjdsjslsjasfasfai
acipaoijfdjdsjslsjsjfasfai
acipaoijfidajfadjfaifaoijf
acipaoijfidajfadjfaifjoijf
acipaoijfidajfadjfaijaoijf
acipaoijfidajfadjfalsjoijf
acipaoijfidajfadjfasfaoijf
acipaoijfidajfadjfasfjoijf
acipaoijfidajfadjfasjaoijf
acipaoijfidajfadsjfasjoijf
acipaoijfidajfadsjflsjoijf
acipaoijfidajfasjfaifaoijf
acipaoijfidajfasjfaifjoijf
acipaoijfidajfasjfaijaoijf
acipaoijfidajfasjfalsjoijf
acipaoijfidajfasjfasfaoijf
acipaoijfidajfasjfasfjoijf
acipaoijfidajfasjfasjaoijf
acipaoijfidajfjadskjfasfai
acipaoijfidajfjasjfasjoijf
acipaoijfidajfjasjflsjoijf
acipaoijfidajsfadskjfasfai
acipaoijfidajsfasjfasjoijf
acipaoijfidajsfasjflsjoijf
acipaoijfidajsfjaskjfasfai
acipaoijfidajsfjdskjfasfai
acipaoijfidajsjadskjfasfai
acipaoijfidajsjasjfasjoijf
acipaoijfidajsjasjflsjoijf
acipaoijfidajssfaskjfasfai
acipaoijfidajssjaskjfasfai
acipaoijfidajssjdskjfasfai
acipaoijfidasfadjfaifaoijf
acipaoijfidasfadjfaifjoijf
acipaoijfidasfadjfaijaoijf
acipaoijfidasfadjfalsjoijf
acipaoijfidasfadjfasfaoijf
acipaoijfidasfadjfasfjoijf
acipaoijfidasfadjfasjaoijf
acipaoijfidasfadsjfasjoijf
acipaoijfidasfadsjflsjoijf
acipaoijfidasfasjfaifaoijf
acipaoijfidasfasjfaifjoijf
acipaoijfidasfasjfaijaoijf
acipaoijfidasfasjfalsjoijf
acipaoijfidasfasjfasfaoijf
acipaoijfidasfasjfasfjoijf
acipaoijfidasfasjfasjaoijf
acipaoijfidasfjadskjfasfai
acipaoijfidasfjasjfasjoijf
acipaoijfidasfjasjflsjoijf
acipaoijfidasjadjfaifaoijf
acipaoijfidasjadjfaifjoijf
acipaoijfidasjadjfaijaoijf
acipaoijfidasjadjfalsjoijf
acipaoijfidasjadjfasfaoijf
acipaoijfidasjadjfasfjoijf
acipaoijfidasjadjfasjaoijf
acipaoijfidasjadsjfasjoijf
acipaoijfidasjadsjflsjoijf
acipaoijfidasjasjfaifaoijf
acipaoijfidasjasjfaifjoijf
acipaoijfidasjasjfaijaoijf
acipaoijfidasjasjfalsjoijf
acipaoijfidasjasjfasfaoijf
acipaoijfidasjasjfasfjoijf
acipaoijfidasjasjfasjaoijf
acipaoijfidasjdsjfaifaoijf
acipaoijfidasjdsjfaifjoijf
acipaoijfidasjdsjfaijaoijf
acipaoijfidasjdsjfalsjoijf
acipaoijfidasjdsjfasfaoijf
acipaoijfidasjdsjfasfjoijf
acipaoijfidasjdsjfasjaoijf
acipaoijfidassfadskjfasfai
acipaoijfidassfasjfasjoijf
acipaoijfidassfasjflsjoijf
acipaoijfidassfjaskjfasfai
acipaoijfidassfjdskjfasfai
acipaoijfidassjadskjfasfai
acipaoijfidassjasjfasjoijf
acipaoijfidassjasjflsjoijf
acipaoijfidsajfadskjfasfai
acipaoijfidsajfasjfasjoijf
acipaoijfidsajfasjflsjoijf
acipaoijfidsajfjaskjfasfai
acipaoijfidsajfjdskjfasfai
acipaoijfidsajsfaskjfasfai
acipaoijfidsajsjaskjfasfai
acipaoijfidsajsjdskjfasfai
acipaoijfidsajslaskjfasfai
acipaoijfidsajslsjadfasfai
acipaoijfidsajslsjajfasfai
acipaoijfidsajslsjasfasfai
acipaoijfidsajslsjsjfasfai
acipaoijfidsasfadskjfasfai
acipaoijfidsasfasjfasjoijf
acipaoijfidsasfasjflsjoijf
acipaoijfidsasfjaskjfasfai
acipaoijfidsasfjdskjfasfai
acipaoijfidsasjadskjfasfai
acipaoijfidsasjasjfasjoijf
acipaoijfidsasjasjflsjoijf
acipaoijfidsassfaskjfasfai
acipaoijfidsassjaskjfasfai
acipaoijfidsassjdskjfasfai
acipaoijfidsjfadjfaifaoijf
acipaoijfidsjfadjfaifjoijf
acipaoijfidsjfadjfaijaoijf
acipaoijfidsjfadjfalsjoijf
acipaoijfidsjfadjfasfaoijf
acipaoijfidsjfadjfasfjoijf
acipaoijfidsjfadjfasjaoijf
acipaoijfidsjfadsjfasjoijf
acipaoijfidsjfadsjflsjoijf
acipaoijfidsjfasjfaifaoijf
acipaoijfidsjfasjfaifjoijf
acipaoijfidsjfasjfaijaoijf
acipaoijfidsjfasjfalsjoijf
acipaoijfidsjfasjfasfaoijf
acipaoijfidsjfasjfasfjoijf
acipaoijfidsjfasjfasjaoijf
acipaoijfidsjfjadskjfasfai
acipaoijfidsjfjasjfasjoijf
acipaoijfidsjfjasjflsjoijf
acipaoijfidsjsfadskjfasfai
acipaoijfidsjsfasjfasjoijf
acipaoijfidsjsfasjflsjoijf
acipaoijfidsjsfjaskjfasfai
acipaoijfidsjsfjdskjfasfai
acipaoijfidsjsjadskjfasfai
acipaoijfidsjsjasjfasjoijf
acipaoijfidsjsjasjflsjoijf
acipaoijfidsjssfaskjfasfai
acipaoijfidsjssjaskjfasfai
acipaoijfidsjssjdskjfasfai
acipaoijfjdajfadjfaifaoijf
acipaoijfjdajfadjfaifjoijf
acipaoijfjdajfadjfaijaoijf
acipaoijfjdajfadjfalsjoijf
acipaoijfjdajfadjfasfaoijf
acipaoijfjdajfadjfasfjoijf
acipaoijfjdajfadjfasjaoijf
acipaoijfjdajfadsjfasjoijf
acipaoijfjdajfadsjflsjoijf
acipaoijfjdajfasjfaifaoijf
acipaoijfjdajfasjfaifjoijf
acipaoijfjdajfasjfaijaoijf
acipaoijfjdajfasjfalsjoijf
acipaoijfjdajfasjfasfaoijf
acipaoijfjdajfasjfasfjoijf
acipaoijfjdajfasjfasjaoijf
acipaoijfjdajfjadskjfasfai
acipaoijfjdajfjasjfasjoijf
acipaoijfjdajfjasjflsjoijf
acipaoijfjdajsfadskjfasfai
acipaoijfjdajsfasjfasjoijf
acipaoijfjdajsfasjflsjoijf
acipaoijfjdajsfjaskjfasfai
acipaoijfjdajsfjdskjfasfai
acipaoijfjdajsjadskjfasfai
acipaoijfjdajsjasjfasjoijf
acipaoijfjdajsjasjflsjoijf
acipaoijfjdajssfaskjfasfai
acipaoijfjdajssjaskjfasfai
acipaoijfjdajssjdskjfasfai
acipaoijfjdasfadjfaifaoijf
acipaoijfjdasfadjfaifjoijf
acipaoijfjdasfadjfaijaoijf
acipaoijfjdasfadjfalsjoijf
acipaoijfjdasfadjfasfaoijf
acipaoijfjdasfadjfasfjoijf
acipaoijfjdasfadjfasjaoijf
acipaoijfjdasfadsjfasjoijf
acipaoijfjdasfadsjflsjoijf
acipaoijfjdasfasjfaifaoijf
acipaoijfjdasfasjfaifjoijf
acipaoijfjdasfasjfaijaoijf
acipaoijfjdasfasjfalsjoijf
acipaoijfjdasfasjfasfaoijf
acipaoijfjdasfasjfasfjoijf
acipaoijfjdasfasjfasjaoijf
acipaoijfjdasfjadskjfasfai
acipaoijfjdasfjasjfasjoijf
acipaoijfjdasfjasjflsjoijf
acipaoijfjdasjadjfaifaoijf
acipaoijfjdasjadjfaifjoijf
acipaoijfjdasjadjfaijaoijf
acipaoijfjdasjadjfalsjoijf
acipaoijfjdasjadjfasfaoijf
acipaoijfjdasjadjfasfjoijf
acipaoijfjdasjadjfasjaoijf
acipaoijfjdasjadsjfasjoijf
acipaoijfjdasjadsjflsjoijf
acipaoijfjdasjasjfaifaoijf
acipaoijfjdasjasjfaifjoijf
acipaoijfjdasjasjfaijaoijf
acipaoijfjdasjasjfalsjoijf
acipaoijfjdasjasjfasfaoijf
acipaoijfjdasjasjfasfjoijf
acipaoijfjdasjasjfasjaoijf
acipaoijfjdasjdsjfaifaoijf
acipaoijfjdasjdsjfaifjoijf
acipaoijfjdasjdsjfaijaoijf
acipaoijfjdasjdsjfalsjoijf
acipaoijfjdasjdsjfasfaoijf
acipaoijfjdasjdsjfasfjoijf
acipaoijfjdasjdsjfasjaoijf
acipaoijfjdassfadskjfasfai
acipaoijfjdassfasjfasjoijf
acipaoijfjdassfasjflsjoijf
acipaoijfjdassfjaskjfasfai
acipaoijfjdassfjdskjfasfai
acipaoijfjdassjadskjfasfai
acipaoijfjdassjasjfasjoijf
acipaoijfjdassjasjflsjoijf
acipaoijfjddajfadskjfasfai
acipaoijfjddajfasjfasjoijf
acipaoijfjddajfasjflsjoijf
acipaoijfjddajfjaskjfasfai
acipaoijfjddajfjdskjfasfai
acipaoijfjddajsfaskjfasfai
acipaoijfjddajsjaskjfasfai
acipaoijfjddajsjdskjfasfai
acipaoijfjddajslaskjfasfai
acipaoijfjddajslsjadfasfai
acipaoijfjddajslsjajfasfai
acipaoijfjddajslsjasfasfai
acipaoijfjddajslsjsjfasfai
acipaoijfjddasfadskjfasfai
acipaoijfjddasfasjfasjoijf
acipaoijfjddasfasjflsjoijf
acipaoijfjddasfjaskjfasfai
acipaoijfjddasfjdskjfasfai
acipaoijfjddasjadskjfasfai
acipaoijfjddasjasjfasjoijf
acipaoijfjddasjasjflsjoijf
acipaoijfjddassfaskjfasfai
acipaoijfjddassjaskjfasfai
acipaoijfjddassjdskjfasfai
acipaoijfjddsajfaskjfasfai
acipaoijfjddsajlaskjfasfai
acipaoijfjddsajlsjadfasfai
acipaoijfjddsajlsjajfasfai
acipaoijfjddsajlsjasfasfai
acipaoijfjddsajlsjsjfasfai
acipaoijfjddsasfaskjfasfai
acipaoijfjddsasjaskjfasfai
acipaoijfjddsasjdskjfasfai
acipaoijfjddsaslaskjfasfai
acipaoijfjddsaslsjadfasfai
acipaoijfjddsaslsjajfasfai
acipaoijfjddsaslsjasfasfai
acipaoijfjddsaslsjsjfasfai
acipaoijfjddsjfadskjfasfai
acipaoijfjddsjfasjfasjoijf
acipaoijfjddsjfasjflsjoijf
acipaoijfjddsjfjaskjfasfai
acipaoijfjddsjfjdskjfasfai
acipaoijfjddsjsfaskjfasfai
acipaoijfjddsjsjaskjfasfai
acipaoijfjddsjsjdskjfasfai
acipaoijfjddsjslaskjfasfai
acipaoijfjddsjslsjadfasfai
acipaoijfjddsjslsjajfasfai
acipaoijfjddsjslsjasfasfai
acipaoijfjddsjslsjsjfasfai
acipaoijfjdsajfadskjfasfai
acipaoijfjdsajfasjfasjoijf
acipaoijfjdsajfasjflsjoijf
acipaoijfjdsajfjaskjfasfai
acipaoijfjdsajfjdskjfasfai
acipaoijfjdsajsfaskjfasfai
acipaoijfjdsajsjaskjfasfai
acipaoijfjdsajsjdskjfasfai
acipaoijfjdsajslaskjfasfai
acipaoijfjdsajslsjadfasfai
acipaoijfjdsajslsjajfasfai
acipaoijfjdsajslsjasfasfai
acipaoijfjdsajslsjsjfasfai
acipaoijfjdsasfadskjfasfai
acipaoijfjdsasfasjfasjoijf
acipaoijfjdsasfasjflsjoijf
acipaoijfjdsasfjaskjfasfai
acipaoijfjdsasfjdskjfasfai
acipaoijfjdsasjadskjfasfai
acipaoijfjdsasjasjfasjoijf
acipaoijfjdsasjasjflsjoijf
acipaoijfjdsassfaskjfasfai
acipaoijfjdsassjaskjfasfai
acipaoijfjdsassjdskjfasfai
acipaoijfjdsjfadjfaifaoijf
acipaoijfjdsjfadjfaifjoijf
acipaoijfjdsjfadjfaijaoijf
acipaoijfjdsjfadjfalsjoijf
acipaoijfjdsjfadjfasfaoijf
acipaoijfjdsjfadjfasfjoijf
acipaoijfjdsjfadjfasjaoijf
acipaoijfjdsjfadsjfasjoijf
acipaoijfjdsjfadsjflsjoijf
acipaoijfjdsjfasjfaifaoijf
acipaoijfjdsjfasjfaifjoijf
acipaoijfjdsjfasjfaijaoijf
acipaoijfjdsjfasjfalsjoijf
acipaoijfjdsjfasjfasfaoijf
acipaoijfjdsjfasjfasfjoijf
acipaoijfjdsjfasjfasjaoijf
acipaoijfjdsjfjadskjfasfai
acipaoijfjdsjfjasjfasjoijf
acipaoijfjdsjfjasjflsjoijf
acipaoijfjdsjsfadskjfasfai
acipaoijfjdsjsfasjfasjoijf
acipaoijfjdsjsfasjflsjoijf
acipaoijfjdsjsfjaskjfasfai
acipaoijfjdsjsfjdskjfasfai
acipaoijfjdsjsjadskjfasfai
acipaoijfjdsjsjasjfasjoijf
acipaoijfjdsjsjasjflsjoijf
acipaoijfjdsjssfaskjfasfai
acipaoijfjdsjssjaskjfasfai
acipaoijfjdsjssjdskjfasfai
acipaoijodjdajfadskjfasfai
acipaoijodjdajfasjfasjoijf
acipaoijodjdajfasjflsjoijf
acipaoijodjdajfjaskjfasfai
acipaoijodjdajfjdskjfasfai
acipaoijodjdajsfaskjfasfai
acipaoijodjdajsjaskjfasfai
acipaoijodjdajsjdskjfasfai
acipaoijodjdajslaskjfasfai
acipaoijodjdajslsjadfasfai
acipaoijodjdajslsjajfasfai
acipaoijodjdajslsjasfasfai
acipaoijodjdajslsjsjfasfai
acipaoijodjdasfadskjfasfai
acipaoijodjdasfasjfasjoijf
acipaoijodjdasfasjflsjoijf
acipaoijodjdasfjaskjfasfai
acipaoijodjdasfjdskjfasfai
acipaoijodjdasjadskjfasfai
acipaoijodjdasjasjfasjoijf
acipaoijodjdasjasjflsjoijf
acipaoijodjdassfaskjfasfai
acipaoijodjdassjaskjfasfai
acipaoijodjdassjdskjfasfai
acipaoijodjddajfaskjfasfai
acipaoijodjddajlaskjfasfai
acipaoijodjddajlsjadfasfai
acipaoijodjddajlsjajfasfai
acipaoijodjddajlsjasfasfai
acipaoijodjddajlsjsjfasfai
acipaoijodjddasfaskjfasfai
acipaoijodjddasjaskjfasfai
acipaoijodjddasjdskjfasfai
acipaoijodjddaslaskjfasfai
acipaoijodjddaslsjadfasfai
acipaoijodjddaslsjajfasfai
acipaoijodjddaslsjasfasfai
acipaoijodjddaslsjsjfasfai
acipaoijodjddjfadskjfasfai
acipaoijodjddjfasjfasjoijf
acipaoijodjddjfasjflsjoijf
acipaoijodjddjfjaskjfasfai
acipaoijodjddjfjdskjfasfai
acipaoijodjddjsfaskjfasfai
acipaoijodjddjsjaskjfasfai
acipaoijodjddjsjdskjfasfai
acipaoijodjddjslaskjfasfai
acipaoijodjddjslsjadfasfai
acipaoijodjddjslsjajfasfai
acipaoijodjddjslsjasfasfai
acipaoijodjddjslsjsjfasfai
acipaoijodjddsjfaskjfasfai
acipaoijodjddsjlaskjfasfai
acipaoijodjddsjlsjadfasfai
acipaoijodjddsjlsjajfasfai
acipaoijodjddsjlsjasfasfai
acipaoijodjddsjlsjsjfasfai
acipaoijodjdidksajsdfasfai
acipaoijodjdidksajsfaksfai
acipaoijodjdisjfaskjfasfai
acipaoijodjdisjlaskjfasfai
acipaoijodjdisjlsjadfasfai
acipaoijodjdisjlsjajfasfai
acipaoijodjdisjlsjasfasfai
acipaoijodjdisjlsjsjfasfai
acipaoijodjdsajfaskjfasfai
acipaoijodjdsajlaskjfasfai
acipaoijodjdsajlsjadfasfai
acipaoijodjdsajlsjajfasfai
acipaoijodjdsajlsjasfasfai
acipaoijodjdsajlsjsjfasfai
acipaoijodjdsasfaskjfasfai
acipaoijodjdsasjaskjfasfai
acipaoijodjdsasjdskjfasfai
acipaoijodjdsaslaskjfasfai
acipaoijodjdsaslsjadfasfai
acipaoijodjdsaslsjajfasfai
acipaoijodjdsaslsjasfasfai
acipaoijodjdsaslsjsjfasfai
acipaoijodjdsjfadskjfasfai
acipaoijodjdsjfasjfasjoijf
acipaoijodjdsjfasjflsjoijf
acipaoijodjdsjfjaskjfasfai
acipaoijodjdsjfjdskjfasfai
acipaoijodjdsjsfaskjfasfai
acipaoijodjdsjsjaskjfasfai
acipaoijodjdsjsjdskjfasfai
acipaoijodjdsjslaskjfasfai
acipaoijodjdsjslsjadfasfai
acipaoijodjdsjslsjajfasfai
acipaoijodjdsjslsjasfasfai
acipaoijodjdsjslsjsjfasfai
acipaoijofddidksajsdfasfai
acipaoijofddidksajsfaksfai
acipaoijofddisjfaskjfasfai
acipaoijofddisjlaskjfasfai
acipaoijofddisjlsjadfasfai
acipaoijofddisjlsjajfasfai
acipaoijofddisjlsjasfasfai
acipaoijofddisjlsjsjfasfai
acipaoijofdjidksajsdfasfai
acipaoijofdjidksajsfaksfai
acipaoijofdjisjfaskjfasfai
acipaoijofdjisjlaskjfasfai
acipaoijofdjisjlsjadfasfai
acipaoijofdjisjlsjajfasfai
acipaoijofdjisjlsjasfasfai
acipaoijofdjisjlsjsjfasfai
acipaoijofjdajfadskjfasfai
acipaoijofjdajfasjfasjoijf
acipaoijofjdajfasjflsjoijf
acipaoijofjdajfjaskjfasfai
acipaoijofjdajfjdskjfasfai
acipaoijofjdajsfaskjfasfai
acipaoijofjdajsjaskjfasfai
acipaoijofjdajsjdskjfasfai
acipaoijofjdajslaskjfasfai
acipaoijofjdajslsjadfasfai
acipaoijofjdajslsjajfasfai
acipaoijofjdajslsjasfasfai
acipaoijofjdajslsjsjfasfai
acipaoijofjdasfadskjfasfai
acipaoijofjdasfasjfasjoijf
acipaoijofjdasfasjflsjoijf
acipaoijofjdasfjaskjfasfai
acipaoijofjdasfjdskjfasfai
acipaoijofjdasjadskjfasfai
acipaoijofjdasjasjfasjoijf
acipaoijofjdasjasjflsjoijf
acipaoijofjdassfaskjfasfai
acipaoijofjdassjaskjfasfai
acipaoijofjdassjdskjfasfai
acipaoijofjddajfaskjfasfai
acipaoijofjddajlaskjfasfai
acipaoijofjddajlsjadfasfai
acipaoijofjddajlsjajfasfai
acipaoijofjddajlsjasfasfai
acipaoijofjddajlsjsjfasfai
acipaoijofjddasfaskjfasfai
acipaoijofjddasjaskjfasfai
acipaoijofjddasjdskjfasfai
acipaoijofjddaslaskjfasfai
acipaoijofjddaslsjadfasfai
acipaoijofjddaslsjajfasfai
acipaoijofjddaslsjasfasfai
acipaoijofjddaslsjsjfasfai
acipaoijofjddjfadskjfasfai
acipaoijofjddjfasjfasjoijf
acipaoijofjddjfasjflsjoijf
acipaoijofjddjfjaskjfasfai
acipaoijofjddjfjdskjfasfai
acipaoijofjddjsfaskjfasfai
acipaoijofjddjsjaskjfasfai
acipaoijofjddjsjdskjfasfai
acipaoijofjddjslaskjfasfai
acipaoijofjddjslsjadfasfai
acipaoijofjddjslsjajfasfai
acipaoijofjddjslsjasfasfai
acipaoijofjddjslsjsjfasfai
acipaoijofjddsjfaskjfasfai
acipaoijofjddsjlaskjfasfai
acipaoijofjddsjlsjadfasfai
acipaoijofjddsjlsjajfasfai
acipaoijofjddsjlsjasfasfai
acipaoijofjddsjlsjsjfasfai
acipaoijofjdidksajsdfasfai
acipaoijofjdidksajsfaksfai
acipaoijofjdisjfaskjfasfai
acipaoijofjdisjlaskjfasfai
acipaoijofjdisjlsjadfasfai
acipaoijofjdisjlsjajfasfai
acipaoijofjdisjlsjasfasfai
acipaoijofjdisjlsjsjfasfai
acipaoijofjdsajfaskjfasfai
acipaoijofjdsajlaskjfasfai
acipaoijofjdsajlsjadfasfai
acipaoijofjdsajlsjajfasfai
acipaoijofjdsajlsjasfasfai
acipaoijofjdsajlsjsjfasfai
acipaoijofjdsasfaskjfasfai
acipaoijofjdsasjaskjfasfai
acipaoijofjdsasjdskjfasfai
acipaoijofjdsaslaskjfasfai
acipaoijofjdsaslsjadfasfai
acipaoijofjdsaslsjajfasfai
acipaoijofjdsaslsjasfasfai
acipaoijofjdsaslsjsjfasfai
acipaoijofjdsjfadskjfasfai
acipaoijofjdsjfasjfasjoijf
acipaoijofjdsjfasjflsjoijf
acipaoijofjdsjfjaskjfasfai
acipaoijofjdsjfjdskjfasfai
acipaoijofjdsjsfaskjfasfai
acipaoijofjdsjsjaskjfasfai
acipaoijofjdsjsjdskjfasfai
acipaoijofjdsjslaskjfasfai
acipaoijofjdsjslsjadfasfai
acipaoijofjdsjslsjajfasfai
acipaoijofjdsjslsjasfasfai
acipaoijofjdsjslsjsjfasfai
acipaoijoidajfadjfaifaoijf
acipaoijoidajfadjfaifjoijf
acipaoijoidajfadjfaijaoijf
acipaoijoidajfadjfalsjoijf
acipaoijoidajfadjfasfaoijf
acipaoijoidajfadjfasfjoijf
acipaoijoidajfadjfasjaoijf
acipaoijoidajfadsjfasjoijf
acipaoijoidajfadsjflsjoijf
acipaoijoidajfasjfaifaoijf
acipaoijoidajfasjfaifjoijf
acipaoijoidajfasjfaijaoijf
acipaoijoidajfasjfalsjoijf
acipaoijoidajfasjfasfaoijf
acipaoijoidajfasjfasfjoijf
acipaoijoidajfasjfasjaoijf
acipaoijoidajfjadskjfasfai
acipaoijoidajfjasjfasjoijf
acipaoijoidajfjasjflsjoijf
acipaoijoidajsfadskjfasfai
acipaoijoidajsfasjfasjoijf
acipaoijoidajsfasjflsjoijf
acipaoijoidajsfjaskjfasfai
acipaoijoidajsfjdskjfasfai
acipaoijoidajsjadskjfasfai
acipaoijoidajsjasjfasjoijf
acipaoijoidajsjasjflsjoijf
acipaoijoidajssfaskjfasfai
acipaoijoidajssjaskjfasfai
acipaoijoidajssjdskjfasfai
acipaoijoidasfadjfaifaoijf
acipaoijoidasfadjfaifjoijf
acipaoijoidasfadjfaijaoijf
acipaoijoidasfadjfalsjoijf
acipaoijoidasfadjfasfaoijf
acipaoijoidasfadjfasfjoijf
acipaoijoidasfadjfasjaoijf
acipaoijoidasfadsjfasjoijf
acipaoijoidasfadsjflsjoijf
acipaoijoidasfasjfaifaoijf
acipaoijoidasfasjfaifjoijf
acipaoijoidasfasjfaijaoijf
acipaoijoidasfasjfalsjoijf
acipaoijoidasfasjfasfaoijf
acipaoijoidasfasjfasfjoijf
acipaoijoidasfasjfasjaoijf
acipaoijoidasfjadskjfasfai
acipaoijoidasfjasjfasjoijf
acipaoijoidasfjasjflsjoijf
acipaoijoidasjadjfaifaoijf
acipaoijoidasjadjfaifjoijf
acipaoijoidasjadjfaijaoijf
acipaoijoidasjadjfalsjoijf
acipaoijoidasjadjfasfaoijf
acipaoijoidasjadjfasfjoijf
acipaoijoidasjadjfasjaoijf
acipaoijoidasjadsjfasjoijf
acipaoijoidasjadsjflsjoijf
acipaoijoidasjasjfaifaoijf
acipaoijoidasjasjfaifjoijf
acipaoijoidasjasjfaijaoijf
acipaoijoidasjasjfalsjoijf
acipaoijoidasjasjfasfaoijf
acipaoijoidasjasjfasfjoijf
acipaoijoidasjasjfasjaoijf
acipaoijoidasjdsjfaifaoijf
acipaoijoidasjdsjfaifjoijf
acipaoijoidasjdsjfaijaoijf
acipaoijoidasjdsjfalsjoijf
acipaoijoidasjdsjfasfaoijf
acipaoijoidasjdsjfasfjoijf
acipaoijoidasjdsjfasjaoijf
acipaoijoidassfadskjfasfai
acipaoijoidassfasjfasjoijf
acipaoijoidassfasjflsjoijf
acipaoijoidassfjaskjfasfai
acipaoijoidassfjdskjfasfai
acipaoijoidassjadskjfasfai
acipaoijoidassjasjfasjoijf
acipaoijoidassjasjflsjoijf
acipaoijoidsajfadskjfasfai
acipaoijoidsajfasjfasjoijf
acipaoijoidsajfasjflsjoijf
acipaoijoidsajfjaskjfasfai
acipaoijoidsajfjdskjfasfai
acipaoijoidsajsfaskjfasfai
acipaoijoidsajsjaskjfasfai
acipaoijoidsajsjdskjfasfai
acipaoijoidsajslaskjfasfai
acipaoijoidsajslsjadfasfai
acipaoijoidsajslsjajfasfai
acipaoijoidsajslsjasfasfai
acipaoijoidsajslsjsjfasfai
acipaoijoidsasfadskjfasfai
acipaoijoidsasfasjfasjoijf
acipaoijoidsasfasjflsjoijf
acipaoijoidsasfjaskjfasfai
acipaoijoidsasfjdskjfasfai
acipaoijoidsasjadskjfasfai
acipaoijoidsasjasjfasjoijf
acipaoijoidsasjasjflsjoijf
acipaoijoidsassfaskjfasfai
acipaoijoidsassjaskjfasfai
acipaoijoidsassjdskjfasfai
acipaoijoidsjfadjfaifaoijf
acipaoijoidsjfadjfaifjoijf
acipaoijoidsjfadjfaijaoijf
acipaoijoidsjfadjfalsjoijf
acipaoijoidsjfadjfasfaoijf
acipaoijoidsjfadjfasfjoijf
acipaoijoidsjfadjfasjaoijf
acipaoijoidsjfadsjfasjoijf
acipaoijoidsjfadsjflsjoijf
acipaoijoidsjfasjfaifaoijf
acipaoijoidsjfasjfaifjoijf
acipaoijoidsjfasjfaijaoijf
acipaoijoidsjfasjfalsjoijf
acipaoijoidsjfasjfasfaoijf
acipaoijoidsjfasjfasfjoijf
acipaoijoidsjfasjfasjaoijf
acipaoijoidsjfjadskjfasfai
acipaoijoidsjfjasjfasjoijf
acipaoijoidsjfjasjflsjoijf
acipaoijoidsjsfadskjfasfai
acipaoijoidsjsfasjfasjoijf
acipaoijoidsjsfasjflsjoijf
acipaoijoidsjsfjaskjfasfai
acipaoijoidsjsfjdskjfasfai
acipaoijoidsjsjadskjfasfai
acipaoijoidsjsjasjfasjoijf
acipaoijoidsjsjasjflsjoijf
acipaoijoidsjssfaskjfasfai
acipaoijoidsjssjaskjfasfai
acipaoijoidsjssjdskjfasfai
acipaoijojdajfadjfaifaoijf
acipaoijojdajfadjfaifjoijf
acipaoijojdajfadjfaijaoijf
acipaoijojdajfadjfalsjoijf
acipaoijojdajfadjfasfaoijf
acipaoijojdajfadjfasfjoijf
acipaoijojdajfadjfasjaoijf
acipaoijojdajfadsjfasjoijf
acipaoijojdajfadsjflsjoijf
acipaoijojdajfasjfaifaoijf
acipaoijojdajfasjfaifjoijf
acipaoijojdajfasjfaijaoijf
acipaoijojdajfasjfalsjoijf
acipaoijojdajfasjfasfaoijf
acipaoijojdajfasjfasfjoijf
acipaoijojdajfasjfasjaoijf
acipaoijojdajfjadskjfasfai
acipaoijojdajfjasjfasjoijf
acipaoijojdajfjasjflsjoijf
acipaoijojdajsfadskjfasfai
acipaoijojdajsfasjfasjoijf
acipaoijojdajsfasjflsjoijf
acipaoijojdajsfjaskjfasfai
acipaoijojdajsfjdskjfasfai
acipaoijojdajsjadskjfasfai
acipaoijojdajsjasjfasjoijf
acipaoijojdajsjasjflsjoijf
acipaoijojdajssfaskjfasfai
acipaoijojdajssjaskjfasfai
acipaoijojdajssjdskjfasfai
acipaoijojdasfadjfaifaoijf
acipaoijojdasfadjfaifjoijf
acipaoijojdasfadjfaijaoijf
acipaoijojdasfadjfalsjoijf
acipaoijojdasfadjfasfaoijf
acipaoijojdasfadjfasfjoijf
acipaoijojdasfadjfasjaoijf
acipaoijojdasfadsjfasjoijf
acipaoijojdasfadsjflsjoijf
acipaoijojdasfasjfaifaoijf
acipaoijojdasfasjfaifjoijf
acipaoijojdasfasjfaijaoijf
acipaoijojdasfasjfalsjoijf
acipaoijojdasfasjfasfaoijf
acipaoijojdasfasjfasfjoijf
acipaoijojdasfasjfasjaoijf
acipaoijojdasfjadskjfasfai
acipaoijojdasfjasjfasjoijf
acipaoijojdasfjasjflsjoijf
acipaoijojdasjadjfaifaoijf
acipaoijojdasjadjfaifjoijf
acipaoijojdasjadjfaijaoijf
acipaoijojdasjadjfalsjoijf
acipaoijojdasjadjfasfaoijf
acipaoijojdasjadjfasfjoijf
acipaoijojdasjadjfasjaoijf
acipaoijojdasjadsjfasjoijf
acipaoijojdasjadsjflsjoijf
acipaoijojdasjasjfaifaoijf
acipaoijojdasjasjfaifjoijf
acipaoijojdasjasjfaijaoijf
acipaoijojdasjasjfalsjoijf
acipaoijojdasjasjfasfaoijf
acipaoijojdasjasjfasfjoijf
acipaoijojdasjasjfasjaoijf
acipaoijojdasjdsjfaifaoijf
acipaoijojdasjdsjfaifjoijf
acipaoijojdasjdsjfaijaoijf
acipaoijojdasjdsjfalsjoijf
acipaoijojdasjdsjfasfaoijf
acipaoijojdasjdsjfasfjoijf
acipaoijojdasjdsjfasjaoijf
acipaoijojdassfadskjfasfai
acipaoijojdassfasjfasjoijf
acipaoijojdassfasjflsjoijf
acipaoijojdassfjaskjfasfai
acipaoijojdassfjdskjfasfai
acipaoijojdassjadskjfasfai
acipaoijojdassjasjfasjoijf
acipaoijojdassjasjflsjoijf
acipaoijojddajfadskjfasfai
acipaoijojddajfasjfasjoijf
acipaoijojddajfasjflsjoijf
acipaoijojddajfjaskjfasfai
acipaoijojddajfjdskjfasfai
acipaoijojddajsfaskjfasfai
acipaoijojddajsjaskjfasfai
acipaoijojddajsjdskjfasfai
acipaoijojddajslaskjfasfai
acipaoijojddajslsjadfasfai
acipaoijojddajslsjajfasfai
acipaoijojddajslsjasfasfai
acipaoijojddajslsjsjfasfai
acipaoijojddasfadskjfasfai
acipaoijojddasfasjfasjoijf
acipaoijojddasfasjflsjoijf
acipaoijojddasfjaskjfasfai
acipaoijojddasfjdskjfasfai
acipaoijojddasjadskjfasfai
acipaoijojddasjasjfasjoijf
acipaoijojddasjasjflsjoijf
acipaoijojddassfaskjfasfai
acipaoijojddassjaskjfasfai
acipaoijojddassjdskjfasfai
acipaoijojddsajfaskjfasfai
acipaoijojddsajlaskjfasfai
acipaoijojddsajlsjadfasfai
acipaoijojddsajlsjajfasfai
acipaoijojddsajlsjasfasfai
acipaoijojddsajlsjsjfasfai
acipaoijojddsasfaskjfasfai
acipaoijojddsasjaskjfasfai
acipaoijojddsasjdskjfasfai
acipaoijojddsaslaskjfasfai
acipaoijojddsaslsjadfasfai
acipaoijojddsaslsjajfasfai
acipaoijojddsaslsjasfasfai
acipaoijojddsaslsjsjfasfai
acipaoijojddsjfadskjfasfai
acipaoijojddsjfasjfasjoijf
acipaoijojddsjfasjflsjoijf
acipaoijojddsjfjaskjfasfai
acipaoijojddsjfjdskjfasfai
acipaoijojddsjsfaskjfasfai
acipaoijojddsjsjaskjfasfai
acipaoijojddsjsjdskjfasfai
acipaoijojddsjslaskjfasfai
acipaoijojddsjslsjadfasfai
acipaoijojddsjslsjajfasfai
acipaoijojddsjslsjasfasfai
acipaoijojddsjslsjsjfasfai
acipaoijojdsajfadskjfasfai
acipaoijojdsajfasjfasjoijf
acipaoijojdsajfasjflsjoijf
acipaoijojdsajfjaskjfasfai
acipaoijojdsajfjdskjfasfai
acipaoijojdsajsfaskjfasfai
acipaoijojdsajsjaskjfasfai
acipaoijojdsajsjdskjfasfai
acipaoijojdsajslaskjfasfai
acipaoijojdsajslsjadfasfai
acipaoijojdsajslsjajfasfai
acipaoijojdsajslsjasfasfai
acipaoijojdsajslsjsjfasfai
acipaoijojdsasfadskjfasfai
acipaoijojdsasfasjfasjoijf
acipaoijojdsasfasjflsjoijf
acipaoijojdsasfjaskjfasfai
acipaoijojdsasfjdskjfasfai
acipaoijojdsasjadskjfasfai
acipaoijojdsasjasjfasjoijf
acipaoijojdsasjasjflsjoijf
acipaoijojdsassfaskjfasfai
acipaoijojdsassjaskjfasfai
acipaoijojdsassjdskjfasfai
acipaoijojdsjfadjfaifaoijf
acipaoijojdsjfadjfaifjoijf
acipaoijojdsjfadjfaijaoijf
acipaoijojdsjfadjfalsjoijf
acipaoijojdsjfadjfasfaoijf
acipaoijojdsjfadjfasfjoijf
acipaoijojdsjfadjfasjaoijf
acipaoijojdsjfadsjfasjoijf
acipaoijojdsjfadsjflsjoijf
acipaoijojdsjfasjfaifaoijf
acipaoijojdsjfasjfaifjoijf
acipaoijojdsjfasjfaijaoijf
acipaoijojdsjfasjfalsjoijf
acipaoijojdsjfasjfasfaoijf
acipaoijojdsjfasjfasfjoijf
acipaoijojdsjfasjfasjaoijf
acipaoijojdsjfjadskjfasfai
acipaoijojdsjfjasjfasjoijf
acipaoijojdsjfjasjflsjoijf
acipaoijojdsjsfadskjfasfai
acipaoijojdsjsfasjfasjoijf
acipaoijojdsjsfasjflsjoijf
acipaoijojdsjsfjaskjfasfai
acipaoijojdsjsfjdskjfasfai
acipaoijojdsjsjadskjfasfai
acipaoijojdsjsjasjfasjoijf
acipaoijojdsjsjasjflsjoijf
acipaoijojdsjssfaskjfasfai
acipaoijojdsjssjaskjfasfai
acipaoijojdsjssjdskjfasfai
